
/home/runner/work/exp-strings-iitk/exp-strings-iitk/experiment/simulation/js/bootstrap.min.js
  6:319    warning  'jQuery' is not defined                 no-undef
  6:1071   warning  'jQuery' is not defined                 no-undef
  6:2016   warning  'jQuery' is not defined                 no-undef
  6:3965   warning  'jQuery' is not defined                 no-undef
  6:8001   warning  'jQuery' is not defined                 no-undef
  6:11369  warning  'jQuery' is not defined                 no-undef
  6:13732  warning  'jQuery' is not defined                 no-undef
  6:19734  warning  'jQuery' is not defined                 no-undef
  6:27338  warning  'a' is assigned a value but never used  no-unused-vars
  6:28677  warning  'jQuery' is not defined                 no-undef
  6:30264  warning  'jQuery' is not defined                 no-undef
  7:648    warning  'jQuery' is not defined                 no-undef
  7:2468   warning  'jQuery' is not defined                 no-undef
  7:4879   warning  'jQuery' is not defined                 no-undef

/home/runner/work/exp-strings-iitk/exp-strings-iitk/experiment/simulation/js/jquery.min.js
  2:71     warning  'module' is not defined                                                    no-undef
  2:86     warning  'module' is not defined                                                    no-undef
  2:863    warning  'b' is assigned a value but never used                                     no-unused-vars
  2:3050   warning  'r' is assigned a value but never used                                     no-unused-vars
  2:5376   warning  Unexpected control character(s) in regular expression: \x1f, \x1f          no-control-regex
  2:5847   warning  Expected a conditional expression and instead saw an assignment            no-cond-assign
  2:6101   warning  Expected a conditional expression and instead saw an assignment            no-cond-assign
  2:6532   warning  Expected a conditional expression and instead saw an assignment            no-cond-assign
  2:6758   warning  Empty block statement                                                      no-empty
  2:7320   warning  Expected a conditional expression and instead saw an assignment            no-cond-assign
  2:9378   warning  Expected a conditional expression and instead saw an assignment            no-cond-assign
  2:9688   warning  Expected a conditional expression and instead saw an assignment            no-cond-assign
  2:11489  warning  Expected a conditional expression and instead saw an assignment            no-cond-assign
  2:12064  warning  Expected a conditional expression and instead saw an assignment            no-cond-assign
  2:12102  warning  Expected a conditional expression and instead saw an assignment            no-cond-assign
  2:12520  warning  Empty block statement                                                      no-empty
  2:13134  warning  Expected a conditional expression and instead saw an assignment            no-cond-assign
  2:13446  warning  Expected a conditional expression and instead saw an assignment            no-cond-assign
  2:15271  warning  Expected a conditional expression and instead saw an assignment            no-cond-assign
  2:15542  warning  Expected a conditional expression and instead saw an assignment            no-cond-assign
  2:15740  warning  Expected a conditional expression and instead saw an assignment            no-cond-assign
  2:16114  warning  Do not access Object.prototype method 'hasOwnProperty' from target object  no-prototype-builtins
  2:16815  warning  Expected a conditional expression and instead saw an assignment            no-cond-assign
  2:19155  warning  Expected a conditional expression and instead saw an assignment            no-cond-assign
  2:19255  warning  Expected a conditional expression and instead saw an assignment            no-cond-assign
  2:19315  warning  Expected a conditional expression and instead saw an assignment            no-cond-assign
  2:20674  warning  Expected a conditional expression and instead saw an assignment            no-cond-assign
  2:21288  warning  Expected a conditional expression and instead saw an assignment            no-cond-assign
  2:21399  warning  Expected a conditional expression and instead saw an assignment            no-cond-assign
  2:23719  warning  Unnecessary escape character: \/                                           no-useless-escape
  2:33344  warning  Empty block statement                                                      no-empty
  2:37050  warning  Unnecessary escape character: \/                                           no-useless-escape
  2:38265  warning  Expected a conditional expression and instead saw an assignment            no-cond-assign
  2:38405  warning  Expected a conditional expression and instead saw an assignment            no-cond-assign
  2:39039  warning  Empty block statement                                                      no-empty
  2:45778  warning  Unnecessary escape character: \/                                           no-useless-escape
  2:48087  warning  Expected a conditional expression and instead saw an assignment            no-cond-assign
  2:49647  warning  Empty block statement                                                      no-empty
  2:57298  warning  Expected a conditional expression and instead saw an assignment            no-cond-assign
  2:59847  warning  Expected a conditional expression and instead saw an assignment            no-cond-assign
  2:64132  warning  Expected a conditional expression and instead saw an assignment            no-cond-assign
  2:65877  warning  Expected a conditional expression and instead saw an assignment            no-cond-assign
  2:65943  warning  Expected a conditional expression and instead saw an assignment            no-cond-assign
  2:66247  warning  Expected a conditional expression and instead saw an assignment            no-cond-assign
  2:66313  warning  Expected a conditional expression and instead saw an assignment            no-cond-assign
  2:66720  warning  Expected a conditional expression and instead saw an assignment            no-cond-assign
  2:66997  warning  Expected a conditional expression and instead saw an assignment            no-cond-assign
  2:72432  warning  Expected a conditional expression and instead saw an assignment            no-cond-assign
  2:74924  warning  Expected a conditional expression and instead saw an assignment            no-cond-assign
  2:75645  warning  'l.href' is assigned to itself                                             no-self-assign
  2:79204  warning  Empty block statement                                                      no-empty
  2:83243  warning  Expected a conditional expression and instead saw an assignment            no-cond-assign
  2:83243  warning  'l' is assigned a value but never used                                     no-unused-vars
  2:86651  warning  'define' is not defined                                                    no-undef
  2:86663  warning  'define' is not defined                                                    no-undef

/home/runner/work/exp-strings-iitk/exp-strings-iitk/experiment/simulation/js/string.js
   7:1   warning  'btn_1' is not defined                    no-undef
   8:1   warning  'btn_2' is not defined                    no-undef
   9:1   warning  'btn_3' is not defined                    no-undef
  15:1   warning  'btn_1' is not defined                    no-undef
  16:7   warning  'str' is assigned a value but never used  no-unused-vars
  25:18  warning  'input1' is not defined                   no-undef
  54:3   warning  'btn_2' is not defined                    no-undef
  77:3   warning  'btn_3' is not defined                    no-undef

/home/runner/work/exp-strings-iitk/exp-strings-iitk/experiment/simulation/js/string_concat.js
   6:1   warning  'btn_2' is not defined                   no-undef
   7:1   warning  'btn_1' is not defined                   no-undef
   8:1   warning  'btn_3' is not defined                   no-undef
  14:1   warning  'btn_1' is not defined                   no-undef
  16:7   warning  'sv' is assigned a value but never used  no-unused-vars
  17:7   warning  'vs' is assigned a value but never used  no-unused-vars
  24:18  warning  'input1' is not defined                  no-undef
  53:1   warning  'btn_2' is not defined                   no-undef
  84:1   warning  'btn_3' is not defined                   no-undef

/home/runner/work/exp-strings-iitk/exp-strings-iitk/experiment/simulation/js/string_repeat.js
   5:1   warning  'btn_2' is not defined                   no-undef
   6:1   warning  'btn_1' is not defined                   no-undef
   7:1   warning  'btn_3' is not defined                   no-undef
  13:1   warning  'btn_1' is not defined                   no-undef
  15:7   warning  'sv' is assigned a value but never used  no-unused-vars
  16:7   warning  'vs' is assigned a value but never used  no-unused-vars
  23:18  warning  'input1' is not defined                  no-undef
  47:1   warning  'btn_2' is not defined                   no-undef
  70:1   warning  'btn_3' is not defined                   no-undef

/home/runner/work/exp-strings-iitk/exp-strings-iitk/experiment/simulation/js/string_reverse.js
   4:1   warning  'btn_2' is not defined                   no-undef
   5:1   warning  'btn_1' is not defined                   no-undef
   6:1   warning  'btn_3' is not defined                   no-undef
  12:1   warning  'btn_1' is not defined                   no-undef
  14:7   warning  'sv' is assigned a value but never used  no-unused-vars
  15:7   warning  'vs' is assigned a value but never used  no-unused-vars
  22:18  warning  'input1' is not defined                  no-undef
  52:1   warning  'btn_2' is not defined                   no-undef
  71:1   warning  'btn_3' is not defined                   no-undef

/home/runner/work/exp-strings-iitk/exp-strings-iitk/experiment/simulation/js/string_slicing.js
   6:1   warning  'btn_2' is not defined   no-undef
   7:1   warning  'btn_1' is not defined   no-undef
   8:1   warning  'btn_3' is not defined   no-undef
  14:1   warning  'btn_1' is not defined   no-undef
  24:18  warning  'input1' is not defined  no-undef
  47:1   warning  'btn_2' is not defined   no-undef
  74:1   warning  'btn_3' is not defined   no-undef

✖ 111 problems (0 errors, 111 warnings)

